[2017-01-06 10:27:48,447 INFO  L116           UltimateCore]: Initializing application
[2017-01-06 10:27:48,448 INFO  L121           UltimateCore]: --------------------------------------------------------------------------------
[2017-01-06 10:27:48,452 INFO  L91           PluginFactory]: --------------------------------------------------------------------------------
[2017-01-06 10:27:48,452 INFO  L92           PluginFactory]: Detecting plugins...
[2017-01-06 10:27:48,453 INFO  L339          PluginFactory]: 1 IController plugins available
[2017-01-06 10:27:48,453 INFO  L339          PluginFactory]: 5 ISource plugins available
[2017-01-06 10:27:48,453 INFO  L339          PluginFactory]: 2 IOutput plugins available
[2017-01-06 10:27:48,454 INFO  L339          PluginFactory]: 12 IGenerator plugins available
[2017-01-06 10:27:48,454 INFO  L339          PluginFactory]: 6 IAnalysis plugins available
[2017-01-06 10:27:48,458 INFO  L292          PluginFactory]: Loaded controller Ultimate Commandline Interface
[2017-01-06 10:27:48,459 INFO  L99           PluginFactory]: Finished detecting plugins!
[2017-01-06 10:27:48,459 INFO  L100          PluginFactory]: Loading services ...
[2017-01-06 10:27:48,459 INFO  L323          PluginFactory]: 0 IServiceFactory services available
[2017-01-06 10:27:48,460 INFO  L102          PluginFactory]: Finished loading services!
[2017-01-06 10:27:48,460 INFO  L103          PluginFactory]: --------------------------------------------------------------------------------
[2017-01-06 10:27:48,461 INFO  L158           UltimateCore]: Initializing controller ...
[2017-01-06 10:27:48,517 INFO  L196          PluginFactory]: --------------------------------------------------------------------------------
[2017-01-06 10:27:48,518 INFO  L197          PluginFactory]: Loading all admissible plugins (creating one instance, loading preferences)
[2017-01-06 10:27:48,967 INFO  L218          PluginFactory]: Finished loading 25 admissible plugins (all were admissible)
[2017-01-06 10:27:48,967 INFO  L220          PluginFactory]: --------------------------------------------------------------------------------
[2017-01-06 10:27:49,271 INFO  L170        SettingsManager]: Resetting all preferences to default values...
[2017-01-06 10:27:49,272 INFO  L174        SettingsManager]: Resetting Boogie Modifies Set Annotator preferences to default values
[2017-01-06 10:27:49,276 INFO  L174        SettingsManager]: Resetting Boogie Preprocessor preferences to default values
[2017-01-06 10:27:49,277 INFO  L174        SettingsManager]: Resetting Boogie Procedure Inliner preferences to default values
[2017-01-06 10:27:49,279 INFO  L174        SettingsManager]: Resetting Abstract Interpretation preferences to default values
[2017-01-06 10:27:49,281 INFO  L174        SettingsManager]: Resetting IRS Dependencies preferences to default values
[2017-01-06 10:27:49,282 INFO  L174        SettingsManager]: Resetting LassoRanker preferences to default values
[2017-01-06 10:27:49,283 INFO  L177        SettingsManager]: Büchi Program Product provides no preferences, ignoring...
[2017-01-06 10:27:49,284 INFO  L174        SettingsManager]: Resetting HeapSeparator preferences to default values
[2017-01-06 10:27:49,284 INFO  L174        SettingsManager]: Resetting LTL2Aut preferences to default values
[2017-01-06 10:27:49,285 INFO  L174        SettingsManager]: Resetting BlockEncodingV2 preferences to default values
[2017-01-06 10:27:49,287 INFO  L174        SettingsManager]: Resetting AutomataScriptInterpreter preferences to default values
[2017-01-06 10:27:49,287 INFO  L174        SettingsManager]: Resetting BlockEncoding preferences to default values
[2017-01-06 10:27:49,288 INFO  L174        SettingsManager]: Resetting BuchiAutomizer preferences to default values
[2017-01-06 10:27:49,290 INFO  L174        SettingsManager]: Resetting CACSL2BoogieTranslator preferences to default values
[2017-01-06 10:27:49,292 INFO  L174        SettingsManager]: Resetting CodeCheck preferences to default values
[2017-01-06 10:27:49,294 INFO  L174        SettingsManager]: Resetting RCFGBuilder preferences to default values
[2017-01-06 10:27:49,295 INFO  L174        SettingsManager]: Resetting TraceAbstraction preferences to default values
[2017-01-06 10:27:49,298 INFO  L177        SettingsManager]: TraceAbstractionConcurrent provides no preferences, ignoring...
[2017-01-06 10:27:49,298 INFO  L174        SettingsManager]: Resetting Boogie Printer preferences to default values
[2017-01-06 10:27:49,299 INFO  L174        SettingsManager]: Resetting Witness Printer preferences to default values
[2017-01-06 10:27:49,300 INFO  L177        SettingsManager]: AutomataScriptParser provides no preferences, ignoring...
[2017-01-06 10:27:49,301 INFO  L177        SettingsManager]: Boogie PL CUP Parser provides no preferences, ignoring...
[2017-01-06 10:27:49,301 INFO  L174        SettingsManager]: Resetting CDTParser preferences to default values
[2017-01-06 10:27:49,302 INFO  L174        SettingsManager]: Resetting LTL2Aut preferences to default values
[2017-01-06 10:27:49,303 INFO  L174        SettingsManager]: Resetting Witness Parser preferences to default values
[2017-01-06 10:27:49,303 INFO  L174        SettingsManager]: Resetting UltimateCore preferences to default values
[2017-01-06 10:27:49,314 INFO  L177        SettingsManager]: Ultimate Commandline Interface provides no preferences, ignoring...
[2017-01-06 10:27:49,315 INFO  L181        SettingsManager]: Finished resetting all preferences to default values...
[2017-01-06 10:27:49,315 INFO  L98         SettingsManager]: Beginning loading settings from /home/williamerocha/git/competion/depthk/modules/UAutomizer-linux/svcomp-Termination-64bit-Automizer_Default.epf
[2017-01-06 10:27:49,324 INFO  L110        SettingsManager]: Loading preferences was successful
[2017-01-06 10:27:49,325 INFO  L112        SettingsManager]: Preferences different from defaults after loading the file:
[2017-01-06 10:27:49,326 INFO  L131        SettingsManager]: Preferences of BuchiAutomizer differ from their defaults:
[2017-01-06 10:27:49,326 INFO  L133        SettingsManager]:  * Use old map elimination=false
[2017-01-06 10:27:49,326 INFO  L133        SettingsManager]:  * Use external solver (rank synthesis)=false
[2017-01-06 10:27:49,326 INFO  L133        SettingsManager]:  * Use only trivial implications for array writes=true
[2017-01-06 10:27:49,326 INFO  L133        SettingsManager]:  * Rank analysis=LINEAR_WITH_GUESSES
[2017-01-06 10:27:49,327 INFO  L131        SettingsManager]: Preferences of CACSL2BoogieTranslator differ from their defaults:
[2017-01-06 10:27:49,327 INFO  L133        SettingsManager]:  * Check unreachability of error function in SV-COMP mode=false
[2017-01-06 10:27:49,327 INFO  L133        SettingsManager]:  * Overapproximate operations on floating types=true
[2017-01-06 10:27:49,327 INFO  L133        SettingsManager]:  * Check division by zero=IGNORE
[2017-01-06 10:27:49,327 INFO  L133        SettingsManager]:  * Pointer to allocated memory at dereference=ASSUME
[2017-01-06 10:27:49,327 INFO  L133        SettingsManager]:  * If two pointers are subtracted or compared they have the same base address=ASSUME
[2017-01-06 10:27:49,328 INFO  L133        SettingsManager]:  * Check array bounds for arrays that are off heap=ASSUME
[2017-01-06 10:27:49,328 INFO  L133        SettingsManager]:  * Check if freed pointer was valid=false
[2017-01-06 10:27:49,328 INFO  L133        SettingsManager]:  * Assume nondeterminstic values are in range=false
[2017-01-06 10:27:49,328 INFO  L133        SettingsManager]:  * Pointer base address is valid at dereference=ASSUME
[2017-01-06 10:27:49,328 INFO  L131        SettingsManager]: Preferences of RCFGBuilder differ from their defaults:
[2017-01-06 10:27:49,328 INFO  L133        SettingsManager]:  * Size of a code block=SequenceOfStatements
[2017-01-06 10:27:49,329 INFO  L133        SettingsManager]:  * Convert code blocks to CNF=false
[2017-01-06 10:27:49,329 INFO  L133        SettingsManager]:  * To the following directory=/home/matthias/ultimate/dump
[2017-01-06 10:27:49,329 INFO  L131        SettingsManager]: Preferences of TraceAbstraction differ from their defaults:
[2017-01-06 10:27:49,329 INFO  L133        SettingsManager]:  * Dump automata to the following directory=/home/matthias/ultimate/dump/auto
[2017-01-06 10:27:49,368 INFO  L80    nceAwareModelManager]: Repository-Root is: /tmp
[2017-01-06 10:27:49,374 INFO  L444   ainManager$Toolchain]: [Toolchain 1]: Parser CDTParser is usable for /home/williamerocha/git/competion/sv-benchmarks/c/termination-libowfat/atoi_true-termination.c.i
[2017-01-06 10:27:49,375 INFO  L237   ainManager$Toolchain]: [Toolchain 1]: Parser(s) successfully initiated...
[2017-01-06 10:27:49,379 INFO  L214   ainManager$Toolchain]: [Toolchain 1]: Toolchain data selected.
[2017-01-06 10:27:49,381 INFO  L270        PluginConnector]: Initializing CDTParser...
[2017-01-06 10:27:49,381 INFO  L275        PluginConnector]: CDTParser initialized
[2017-01-06 10:27:49,382 INFO  L384   ainManager$Toolchain]: [Toolchain 1]: Parsing single file: /home/williamerocha/git/competion/sv-benchmarks/c/termination-libowfat/atoi_true-termination.c.i
[2017-01-06 10:27:49,541 INFO  L263   ainManager$Toolchain]: ####################### [Toolchain 1] #######################
[2017-01-06 10:27:49,542 INFO  L128        ToolchainWalker]: Walking toolchain with 5 elements.
[2017-01-06 10:27:49,543 INFO  L113        PluginConnector]: ------------------------CACSL2BoogieTranslator----------------------------
[2017-01-06 10:27:49,543 INFO  L270        PluginConnector]: Initializing CACSL2BoogieTranslator...
[2017-01-06 10:27:49,550 INFO  L275        PluginConnector]: CACSL2BoogieTranslator initialized
[2017-01-06 10:27:49,551 INFO  L185        PluginConnector]: Executing the observer ACSLObjectContainerObserver from plugin CACSL2BoogieTranslator for "CDTParser AST 06.01 10:27:49" (1/1) ...
[2017-01-06 10:27:49,555 INFO  L205        PluginConnector]: Invalid model from CACSL2BoogieTranslator for observer de.uni_freiburg.informatik.ultimate.plugins.generator.cacsl2boogietranslator.ACSLObjectContainerObserver@3770e833 and model type de.uni_freiburg.informatik.ultimate.plugins.generator.cacsl2boogietranslator AST 06.01 10:27:49, skipping insertion in model container
[2017-01-06 10:27:49,555 INFO  L185        PluginConnector]: Executing the observer CACSL2BoogieTranslatorObserver from plugin CACSL2BoogieTranslator for "CDTParser AST 06.01 10:27:49" (1/1) ...
[2017-01-06 10:27:49,565 INFO  L220   ieTranslatorObserver]: Settings: SV_COMP14
[2017-01-06 10:27:49,668 INFO  L440          PostProcessor]: Settings: Checked method=main
[2017-01-06 10:27:49,684 INFO  L440          PostProcessor]: Settings: Checked method=main
[2017-01-06 10:27:49,689 INFO  L202        PluginConnector]: Adding new model de.uni_freiburg.informatik.ultimate.plugins.generator.cacsl2boogietranslator AST 06.01 10:27:49 WrapperNode
[2017-01-06 10:27:49,689 INFO  L132        PluginConnector]: ------------------------ END CACSL2BoogieTranslator----------------------------
[2017-01-06 10:27:49,689 INFO  L113        PluginConnector]: ------------------------Boogie Procedure Inliner----------------------------
[2017-01-06 10:27:49,690 INFO  L270        PluginConnector]: Initializing Boogie Procedure Inliner...
[2017-01-06 10:27:49,690 INFO  L275        PluginConnector]: Boogie Procedure Inliner initialized
[2017-01-06 10:27:49,698 INFO  L185        PluginConnector]: Executing the observer TypeChecker from plugin Boogie Procedure Inliner for "de.uni_freiburg.informatik.ultimate.plugins.generator.cacsl2boogietranslator AST 06.01 10:27:49" (1/1) ...
[2017-01-06 10:27:49,710 INFO  L185        PluginConnector]: Executing the observer Inliner from plugin Boogie Procedure Inliner for "de.uni_freiburg.informatik.ultimate.plugins.generator.cacsl2boogietranslator AST 06.01 10:27:49" (1/1) ...
[2017-01-06 10:27:49,724 INFO  L132        PluginConnector]: ------------------------ END Boogie Procedure Inliner----------------------------
[2017-01-06 10:27:49,724 INFO  L113        PluginConnector]: ------------------------Boogie Preprocessor----------------------------
[2017-01-06 10:27:49,724 INFO  L270        PluginConnector]: Initializing Boogie Preprocessor...
[2017-01-06 10:27:49,724 INFO  L275        PluginConnector]: Boogie Preprocessor initialized
[2017-01-06 10:27:49,733 INFO  L185        PluginConnector]: Executing the observer TypeChecker from plugin Boogie Preprocessor for "de.uni_freiburg.informatik.ultimate.plugins.generator.cacsl2boogietranslator AST 06.01 10:27:49" (1/1) ...
[2017-01-06 10:27:49,734 INFO  L185        PluginConnector]: Executing the observer ConstExpander from plugin Boogie Preprocessor for "de.uni_freiburg.informatik.ultimate.plugins.generator.cacsl2boogietranslator AST 06.01 10:27:49" (1/1) ...
[2017-01-06 10:27:49,735 INFO  L185        PluginConnector]: Executing the observer StructExpander from plugin Boogie Preprocessor for "de.uni_freiburg.informatik.ultimate.plugins.generator.cacsl2boogietranslator AST 06.01 10:27:49" (1/1) ...
[2017-01-06 10:27:49,736 INFO  L185        PluginConnector]: Executing the observer UnstructureCode from plugin Boogie Preprocessor for "de.uni_freiburg.informatik.ultimate.plugins.generator.cacsl2boogietranslator AST 06.01 10:27:49" (1/1) ...
[2017-01-06 10:27:49,739 INFO  L185        PluginConnector]: Executing the observer FunctionInliner from plugin Boogie Preprocessor for "de.uni_freiburg.informatik.ultimate.plugins.generator.cacsl2boogietranslator AST 06.01 10:27:49" (1/1) ...
[2017-01-06 10:27:49,740 INFO  L185        PluginConnector]: Executing the observer BoogieSymbolTableConstructor from plugin Boogie Preprocessor for "de.uni_freiburg.informatik.ultimate.plugins.generator.cacsl2boogietranslator AST 06.01 10:27:49" (1/1) ...
[2017-01-06 10:27:49,741 INFO  L132        PluginConnector]: ------------------------ END Boogie Preprocessor----------------------------
[2017-01-06 10:27:49,741 INFO  L113        PluginConnector]: ------------------------RCFGBuilder----------------------------
[2017-01-06 10:27:49,741 INFO  L270        PluginConnector]: Initializing RCFGBuilder...
[2017-01-06 10:27:49,742 INFO  L275        PluginConnector]: RCFGBuilder initialized
[2017-01-06 10:27:49,742 INFO  L185        PluginConnector]: Executing the observer RCFGBuilderObserver from plugin RCFGBuilder for "de.uni_freiburg.informatik.ultimate.plugins.generator.cacsl2boogietranslator AST 06.01 10:27:49" (1/1) ...
[2017-01-06 10:27:49,762 INFO  L212       MonitoredProcess]: Starting monitored process 1 with z3 SMTLIB2_COMPLIANT=true -memory:1024 -smt2 -in -t:12000 (exit command is (exit), workingDir is null)
[2017-01-06 10:27:49,766 INFO  L303       MonitoredProcess]: Waiting until toolchain timeout for monitored process 1 with z3 SMTLIB2_COMPLIANT=true -memory:1024 -smt2 -in -t:12000
[2017-01-06 10:27:49,791 INFO  L128     BoogieDeclarations]: Found specification of procedure write~int
[2017-01-06 10:27:49,791 INFO  L128     BoogieDeclarations]: Found specification of procedure ULTIMATE.start
[2017-01-06 10:27:49,791 INFO  L136     BoogieDeclarations]: Found implementation of procedure ULTIMATE.start
[2017-01-06 10:27:49,792 INFO  L128     BoogieDeclarations]: Found specification of procedure read~int
[2017-01-06 10:27:49,930 INFO  L260             CfgBuilder]: Using the 1 location(s) as analysis (start of procedure ULTIMATE.start)
[2017-01-06 10:27:49,930 INFO  L202        PluginConnector]: Adding new model de.uni_freiburg.informatik.ultimate.plugins.generator.rcfgbuilder CFG 06.01 10:27:49 BoogieIcfgContainer
[2017-01-06 10:27:49,930 INFO  L132        PluginConnector]: ------------------------ END RCFGBuilder----------------------------
[2017-01-06 10:27:49,931 INFO  L113        PluginConnector]: ------------------------BuchiAutomizer----------------------------
[2017-01-06 10:27:49,931 INFO  L270        PluginConnector]: Initializing BuchiAutomizer...
[2017-01-06 10:27:49,931 INFO  L275        PluginConnector]: BuchiAutomizer initialized
[2017-01-06 10:27:49,932 INFO  L99          BuchiAutomizer]: Safety of program was proven or not checked, starting termination analysis
[2017-01-06 10:27:49,934 INFO  L185        PluginConnector]: Executing the observer BuchiAutomizerObserver from plugin BuchiAutomizer for "de.uni_freiburg.informatik.ultimate.plugins.generator.rcfgbuilder CFG 06.01 10:27:49" (1/1) ...
[2017-01-06 10:27:49,976 INFO  L316         BuchiCegarLoop]: Interprodecural is true
[2017-01-06 10:27:49,976 INFO  L317         BuchiCegarLoop]: Hoare is false
[2017-01-06 10:27:49,977 INFO  L318         BuchiCegarLoop]: Compute interpolants for ForwardPredicates
[2017-01-06 10:27:49,977 INFO  L319         BuchiCegarLoop]: Backedges is CANONICAL
[2017-01-06 10:27:49,978 INFO  L320         BuchiCegarLoop]: Determinization is PREDICATE_ABSTRACTION
[2017-01-06 10:27:49,978 INFO  L321         BuchiCegarLoop]: Difference is false
[2017-01-06 10:27:49,978 INFO  L322         BuchiCegarLoop]: Minimize is MINIMIZE_SEVPA
[2017-01-06 10:27:49,979 INFO  L325         BuchiCegarLoop]: ======== Iteration 0==of CEGAR loop == BuchiCegarLoop========
[2017-01-06 10:27:49,980 INFO  L86    2NestedWordAutomaton]: Mode: main mode - execution starts in main procedure
[2017-01-06 10:27:49,991 INFO  L72            BuchiIsEmpty]: Start BuchiIsEmpty. Operand 29 states.
[2017-01-06 10:27:50,010 INFO  L98          SccComputation]: Graph consists of 2 InCaSumBalls and 17 non ball SCCs. Number of states in SCCs 29.
[2017-01-06 10:27:50,010 INFO  L132   ngComponentsAnalysis]: Automaton has 2 accepting balls. 12
[2017-01-06 10:27:50,011 INFO  L87            BuchiIsEmpty]: Finished BuchiIsEmpty Result is false
[2017-01-06 10:27:50,011 INFO  L124           BuchiIsEmpty]: Starting construction of run
[2017-01-06 10:27:50,017 INFO  L664         BuchiCegarLoop]: Counterexample stem histogram [1, 1, 1, 1, 1]
[2017-01-06 10:27:50,018 INFO  L666         BuchiCegarLoop]: Counterexample loop histogram [1, 1, 1]
[2017-01-06 10:27:50,018 INFO  L355         BuchiCegarLoop]: ======== Iteration 1============
[2017-01-06 10:27:50,018 INFO  L72            BuchiIsEmpty]: Start BuchiIsEmpty. Operand 29 states.
[2017-01-06 10:27:50,020 INFO  L98          SccComputation]: Graph consists of 2 InCaSumBalls and 17 non ball SCCs. Number of states in SCCs 29.
[2017-01-06 10:27:50,020 INFO  L132   ngComponentsAnalysis]: Automaton has 2 accepting balls. 12
[2017-01-06 10:27:50,020 INFO  L87            BuchiIsEmpty]: Finished BuchiIsEmpty Result is false
[2017-01-06 10:27:50,020 INFO  L124           BuchiIsEmpty]: Starting construction of run
[2017-01-06 10:27:50,020 INFO  L664         BuchiCegarLoop]: Counterexample stem histogram [1, 1, 1, 1, 1]
[2017-01-06 10:27:50,021 INFO  L666         BuchiCegarLoop]: Counterexample loop histogram [1, 1, 1]
[2017-01-06 10:27:50,037 INFO  L316   ker$LassoCheckResult]: Stem: 27#ULTIMATE.startENTRYtrue #NULL.base, #NULL.offset := 0, 0;#valid := #valid[0 := 0]; 20#L1true havoc main_#res;havoc main_#t~ret11, main_#t~malloc12.base, main_#t~malloc12.offset, main_#t~ret14, main_~in_len~6, main_~in~6.base, main_~in~6.offset;havoc nondet_int_#res;main_#t~ret11 := nondet_int_#res;main_~in_len~6 := main_#t~ret11;havoc main_#t~ret11; 24#L379true assume !(main_~in_len~6 < 1);#Ultimate.alloc_old_#length, #Ultimate.alloc_old_#valid := #length, #valid;#Ultimate.alloc_~size := main_~in_len~6;havoc #Ultimate.alloc_#res.base, #Ultimate.alloc_#res.offset;havoc #valid, #length;assume #Ultimate.alloc_old_#valid[#Ultimate.alloc_#res.base] == 0;assume #valid == #Ultimate.alloc_old_#valid[#Ultimate.alloc_#res.base := 1];assume #Ultimate.alloc_#res.offset == 0;assume #Ultimate.alloc_#res.base != 0;assume #length == #Ultimate.alloc_old_#length[#Ultimate.alloc_#res.base := #Ultimate.alloc_~size];main_#t~malloc12.base, main_#t~malloc12.offset := #Ultimate.alloc_#res.base, #Ultimate.alloc_#res.offset;main_~in~6.base, main_~in~6.offset := main_#t~malloc12.base, main_#t~malloc12.offset; 17#L381true SUMMARY 21#L381'true atoi_#in~s.base, atoi_#in~s.offset := main_~in~6.base, main_~in~6.offset;havoc atoi_#res;havoc atoi_#t~post1.base, atoi_#t~post1.offset, atoi_#t~mem0, atoi_#t~mem2, atoi_#t~switch3, atoi_#t~pre4.base, atoi_#t~pre4.offset, atoi_#t~mem8, atoi_#t~pre9.base, atoi_#t~pre9.offset, atoi_#t~mem5, atoi_#t~mem6, atoi_#t~short7, atoi_#t~ite10, atoi_~s.base, atoi_~s.offset, atoi_~v~3, atoi_~sign~3;atoi_~s.base, atoi_~s.offset := atoi_#in~s.base, atoi_#in~s.offset;atoi_~v~3 := 0;atoi_~sign~3 := 1; 30#L367'''true 
[2017-01-06 10:27:50,039 INFO  L318   ker$LassoCheckResult]: Loop: 30#L367'''true assume true; 8#L367true SUMMARY 15#L367'true assume !!(atoi_#t~mem0 == 32);havoc atoi_#t~mem0;atoi_#t~post1.base, atoi_#t~post1.offset := atoi_~s.base, atoi_~s.offset;atoi_~s.base, atoi_~s.offset := atoi_#t~post1.base, atoi_#t~post1.offset + 1;havoc atoi_#t~post1.base, atoi_#t~post1.offset; 30#L367'''true 
[2017-01-06 10:27:50,086 INFO  L144    AnnotateAndAsserter]: Conjunction of SSA is sat
[2017-01-06 10:27:50,102 INFO  L144    AnnotateAndAsserter]: Conjunction of SSA is sat
[2017-01-06 10:27:50,121 INFO  L144    AnnotateAndAsserter]: Conjunction of SSA is sat
[2017-01-06 10:27:50,417 INFO  L212          LassoAnalysis]: Preferences:
[2017-01-06 10:27:50,418 INFO  L124   ssoRankerPreferences]: Compute integeral hull: false
[2017-01-06 10:27:50,418 INFO  L125   ssoRankerPreferences]: Enable LassoPartitioneer: true
[2017-01-06 10:27:50,419 INFO  L126   ssoRankerPreferences]: Term annotations enabled: false
[2017-01-06 10:27:50,419 INFO  L127   ssoRankerPreferences]: Use exernal solver: false
[2017-01-06 10:27:50,419 INFO  L128   ssoRankerPreferences]: SMT solver command: z3 SMTLIB2_COMPLIANT=true -memory:1024 -smt2 -in -t:12000
[2017-01-06 10:27:50,420 INFO  L129   ssoRankerPreferences]: Dump SMT script to file: false
[2017-01-06 10:27:50,420 INFO  L130   ssoRankerPreferences]: Path of dumped script: 
[2017-01-06 10:27:50,420 INFO  L131   ssoRankerPreferences]: Filename of dumped script: atoi_true-termination.c.i_Iteration1_Lasso
[2017-01-06 10:27:50,420 INFO  L132   ssoRankerPreferences]: MapElimAlgo: Frank
[2017-01-06 10:27:50,421 INFO  L278          LassoAnalysis]: Starting lasso preprocessing...
[2017-01-06 10:27:50,446 INFO  L139          MapEliminator]: Using MapEliminator with SimplificationTechnique=SIMPLIFY_DDA XnfConversionTechnique=BOTTOM_UP_WITH_LOCAL_SIMPLIFICATION AddInequalities=false OnlyTrivialImplicationsArrayWrite=true OnlyTrivialImplicationsForModifiedArguments=true OnlyArgumentsInFormula=true
[2017-01-06 10:27:50,451 INFO  L119          IndexAnalyzer]: 0 equalDoubletons
[2017-01-06 10:27:50,451 INFO  L120          IndexAnalyzer]: 0 distinctDoubletons
[2017-01-06 10:27:50,451 INFO  L121          IndexAnalyzer]: 0 unknownDoubletons
[2017-01-06 10:27:50,451 INFO  L122          IndexAnalyzer]: 0 ignoredDoubletons
[2017-01-06 10:27:50,452 INFO  L119          IndexAnalyzer]: 0 equalDoubletons
[2017-01-06 10:27:50,452 INFO  L120          IndexAnalyzer]: 0 distinctDoubletons
[2017-01-06 10:27:50,453 INFO  L121          IndexAnalyzer]: 0 unknownDoubletons
[2017-01-06 10:27:50,453 INFO  L122          IndexAnalyzer]: 0 ignoredDoubletons
[2017-01-06 10:27:50,453 INFO  L139          MapEliminator]: Using MapEliminator with SimplificationTechnique=SIMPLIFY_DDA XnfConversionTechnique=BOTTOM_UP_WITH_LOCAL_SIMPLIFICATION AddInequalities=false OnlyTrivialImplicationsArrayWrite=true OnlyTrivialImplicationsForModifiedArguments=true OnlyArgumentsInFormula=true
[2017-01-06 10:27:50,455 INFO  L119          IndexAnalyzer]: 0 equalDoubletons
[2017-01-06 10:27:50,455 INFO  L120          IndexAnalyzer]: 0 distinctDoubletons
[2017-01-06 10:27:50,456 INFO  L121          IndexAnalyzer]: 0 unknownDoubletons
[2017-01-06 10:27:50,456 INFO  L122          IndexAnalyzer]: 0 ignoredDoubletons
[2017-01-06 10:27:50,457 INFO  L119          IndexAnalyzer]: 0 equalDoubletons
[2017-01-06 10:27:50,457 INFO  L120          IndexAnalyzer]: 0 distinctDoubletons
[2017-01-06 10:27:50,457 INFO  L121          IndexAnalyzer]: 0 unknownDoubletons
[2017-01-06 10:27:50,457 INFO  L122          IndexAnalyzer]: 0 ignoredDoubletons
[2017-01-06 10:27:50,458 INFO  L139          MapEliminator]: Using MapEliminator with SimplificationTechnique=SIMPLIFY_DDA XnfConversionTechnique=BOTTOM_UP_WITH_LOCAL_SIMPLIFICATION AddInequalities=false OnlyTrivialImplicationsArrayWrite=true OnlyTrivialImplicationsForModifiedArguments=true OnlyArgumentsInFormula=true
[2017-01-06 10:27:50,459 INFO  L119          IndexAnalyzer]: 0 equalDoubletons
[2017-01-06 10:27:50,459 INFO  L120          IndexAnalyzer]: 0 distinctDoubletons
[2017-01-06 10:27:50,459 INFO  L121          IndexAnalyzer]: 0 unknownDoubletons
[2017-01-06 10:27:50,459 INFO  L122          IndexAnalyzer]: 0 ignoredDoubletons
[2017-01-06 10:27:50,470 INFO  L119          IndexAnalyzer]: 0 equalDoubletons
[2017-01-06 10:27:50,470 INFO  L120          IndexAnalyzer]: 0 distinctDoubletons
[2017-01-06 10:27:50,471 INFO  L121          IndexAnalyzer]: 0 unknownDoubletons
[2017-01-06 10:27:50,471 INFO  L122          IndexAnalyzer]: 0 ignoredDoubletons
[2017-01-06 10:27:50,474 INFO  L139          MapEliminator]: Using MapEliminator with SimplificationTechnique=SIMPLIFY_DDA XnfConversionTechnique=BOTTOM_UP_WITH_LOCAL_SIMPLIFICATION AddInequalities=false OnlyTrivialImplicationsArrayWrite=true OnlyTrivialImplicationsForModifiedArguments=true OnlyArgumentsInFormula=true
[2017-01-06 10:27:50,476 INFO  L119          IndexAnalyzer]: 0 equalDoubletons
[2017-01-06 10:27:50,476 INFO  L120          IndexAnalyzer]: 0 distinctDoubletons
[2017-01-06 10:27:50,476 INFO  L121          IndexAnalyzer]: 0 unknownDoubletons
[2017-01-06 10:27:50,476 INFO  L122          IndexAnalyzer]: 0 ignoredDoubletons
[2017-01-06 10:27:50,477 INFO  L119          IndexAnalyzer]: 0 equalDoubletons
[2017-01-06 10:27:50,477 INFO  L120          IndexAnalyzer]: 0 distinctDoubletons
[2017-01-06 10:27:50,478 INFO  L121          IndexAnalyzer]: 0 unknownDoubletons
[2017-01-06 10:27:50,478 INFO  L122          IndexAnalyzer]: 0 ignoredDoubletons
[2017-01-06 10:27:50,479 INFO  L139          MapEliminator]: Using MapEliminator with SimplificationTechnique=SIMPLIFY_DDA XnfConversionTechnique=BOTTOM_UP_WITH_LOCAL_SIMPLIFICATION AddInequalities=false OnlyTrivialImplicationsArrayWrite=true OnlyTrivialImplicationsForModifiedArguments=true OnlyArgumentsInFormula=true
[2017-01-06 10:27:50,480 INFO  L119          IndexAnalyzer]: 0 equalDoubletons
[2017-01-06 10:27:50,480 INFO  L120          IndexAnalyzer]: 0 distinctDoubletons
[2017-01-06 10:27:50,480 INFO  L121          IndexAnalyzer]: 0 unknownDoubletons
[2017-01-06 10:27:50,480 INFO  L122          IndexAnalyzer]: 0 ignoredDoubletons
[2017-01-06 10:27:50,482 INFO  L119          IndexAnalyzer]: 0 equalDoubletons
[2017-01-06 10:27:50,482 INFO  L120          IndexAnalyzer]: 0 distinctDoubletons
[2017-01-06 10:27:50,483 INFO  L121          IndexAnalyzer]: 0 unknownDoubletons
[2017-01-06 10:27:50,483 INFO  L122          IndexAnalyzer]: 0 ignoredDoubletons
[2017-01-06 10:27:50,486 INFO  L139          MapEliminator]: Using MapEliminator with SimplificationTechnique=SIMPLIFY_DDA XnfConversionTechnique=BOTTOM_UP_WITH_LOCAL_SIMPLIFICATION AddInequalities=false OnlyTrivialImplicationsArrayWrite=true OnlyTrivialImplicationsForModifiedArguments=true OnlyArgumentsInFormula=true
[2017-01-06 10:27:50,487 INFO  L119          IndexAnalyzer]: 0 equalDoubletons
[2017-01-06 10:27:50,487 INFO  L120          IndexAnalyzer]: 0 distinctDoubletons
[2017-01-06 10:27:50,487 INFO  L121          IndexAnalyzer]: 0 unknownDoubletons
[2017-01-06 10:27:50,487 INFO  L122          IndexAnalyzer]: 0 ignoredDoubletons
[2017-01-06 10:27:50,488 INFO  L119          IndexAnalyzer]: 0 equalDoubletons
[2017-01-06 10:27:50,488 INFO  L120          IndexAnalyzer]: 0 distinctDoubletons
[2017-01-06 10:27:50,488 INFO  L121          IndexAnalyzer]: 0 unknownDoubletons
[2017-01-06 10:27:50,489 INFO  L122          IndexAnalyzer]: 0 ignoredDoubletons
[2017-01-06 10:27:50,489 INFO  L139          MapEliminator]: Using MapEliminator with SimplificationTechnique=SIMPLIFY_DDA XnfConversionTechnique=BOTTOM_UP_WITH_LOCAL_SIMPLIFICATION AddInequalities=false OnlyTrivialImplicationsArrayWrite=true OnlyTrivialImplicationsForModifiedArguments=true OnlyArgumentsInFormula=true
[2017-01-06 10:27:50,522 INFO  L119          IndexAnalyzer]: 2 equalDoubletons
[2017-01-06 10:27:50,522 INFO  L120          IndexAnalyzer]: 2 distinctDoubletons
[2017-01-06 10:27:50,522 INFO  L121          IndexAnalyzer]: 1 unknownDoubletons
[2017-01-06 10:27:50,522 INFO  L122          IndexAnalyzer]: 16 ignoredDoubletons
[2017-01-06 10:27:50,642 INFO  L119          IndexAnalyzer]: 5 equalDoubletons
[2017-01-06 10:27:50,642 INFO  L120          IndexAnalyzer]: 4 distinctDoubletons
[2017-01-06 10:27:50,643 INFO  L121          IndexAnalyzer]: 0 unknownDoubletons
[2017-01-06 10:27:50,643 INFO  L122          IndexAnalyzer]: 2 ignoredDoubletons
[2017-01-06 10:27:50,706 INFO  L139          MapEliminator]: Using MapEliminator with SimplificationTechnique=SIMPLIFY_DDA XnfConversionTechnique=BOTTOM_UP_WITH_LOCAL_SIMPLIFICATION AddInequalities=false OnlyTrivialImplicationsArrayWrite=true OnlyTrivialImplicationsForModifiedArguments=true OnlyArgumentsInFormula=true
[2017-01-06 10:27:50,708 INFO  L119          IndexAnalyzer]: 0 equalDoubletons
[2017-01-06 10:27:50,709 INFO  L120          IndexAnalyzer]: 0 distinctDoubletons
[2017-01-06 10:27:50,709 INFO  L121          IndexAnalyzer]: 0 unknownDoubletons
[2017-01-06 10:27:50,709 INFO  L122          IndexAnalyzer]: 0 ignoredDoubletons
[2017-01-06 10:27:50,712 INFO  L119          IndexAnalyzer]: 0 equalDoubletons
[2017-01-06 10:27:50,712 INFO  L120          IndexAnalyzer]: 0 distinctDoubletons
[2017-01-06 10:27:50,713 INFO  L121          IndexAnalyzer]: 0 unknownDoubletons
[2017-01-06 10:27:50,713 INFO  L122          IndexAnalyzer]: 0 ignoredDoubletons
[2017-01-06 10:27:50,714 INFO  L139          MapEliminator]: Using MapEliminator with SimplificationTechnique=SIMPLIFY_DDA XnfConversionTechnique=BOTTOM_UP_WITH_LOCAL_SIMPLIFICATION AddInequalities=false OnlyTrivialImplicationsArrayWrite=true OnlyTrivialImplicationsForModifiedArguments=true OnlyArgumentsInFormula=true
[2017-01-06 10:27:50,715 INFO  L119          IndexAnalyzer]: 0 equalDoubletons
[2017-01-06 10:27:50,716 INFO  L120          IndexAnalyzer]: 0 distinctDoubletons
[2017-01-06 10:27:50,716 INFO  L121          IndexAnalyzer]: 0 unknownDoubletons
[2017-01-06 10:27:50,716 INFO  L122          IndexAnalyzer]: 0 ignoredDoubletons
[2017-01-06 10:27:50,718 INFO  L119          IndexAnalyzer]: 0 equalDoubletons
[2017-01-06 10:27:50,718 INFO  L120          IndexAnalyzer]: 0 distinctDoubletons
[2017-01-06 10:27:50,719 INFO  L121          IndexAnalyzer]: 0 unknownDoubletons
[2017-01-06 10:27:50,719 INFO  L122          IndexAnalyzer]: 0 ignoredDoubletons
[2017-01-06 10:27:50,720 INFO  L139          MapEliminator]: Using MapEliminator with SimplificationTechnique=SIMPLIFY_DDA XnfConversionTechnique=BOTTOM_UP_WITH_LOCAL_SIMPLIFICATION AddInequalities=false OnlyTrivialImplicationsArrayWrite=true OnlyTrivialImplicationsForModifiedArguments=true OnlyArgumentsInFormula=true
[2017-01-06 10:27:50,721 INFO  L119          IndexAnalyzer]: 0 equalDoubletons
[2017-01-06 10:27:50,721 INFO  L120          IndexAnalyzer]: 0 distinctDoubletons
[2017-01-06 10:27:50,722 INFO  L121          IndexAnalyzer]: 0 unknownDoubletons
[2017-01-06 10:27:50,722 INFO  L122          IndexAnalyzer]: 0 ignoredDoubletons
[2017-01-06 10:27:50,723 INFO  L119          IndexAnalyzer]: 0 equalDoubletons
[2017-01-06 10:27:50,724 INFO  L120          IndexAnalyzer]: 0 distinctDoubletons
[2017-01-06 10:27:50,724 INFO  L121          IndexAnalyzer]: 0 unknownDoubletons
[2017-01-06 10:27:50,725 INFO  L122          IndexAnalyzer]: 0 ignoredDoubletons
[2017-01-06 10:27:50,729 INFO  L139          MapEliminator]: Using MapEliminator with SimplificationTechnique=SIMPLIFY_DDA XnfConversionTechnique=BOTTOM_UP_WITH_LOCAL_SIMPLIFICATION AddInequalities=false OnlyTrivialImplicationsArrayWrite=true OnlyTrivialImplicationsForModifiedArguments=true OnlyArgumentsInFormula=true
[2017-01-06 10:27:50,731 INFO  L119          IndexAnalyzer]: 0 equalDoubletons
[2017-01-06 10:27:50,731 INFO  L120          IndexAnalyzer]: 0 distinctDoubletons
[2017-01-06 10:27:50,732 INFO  L121          IndexAnalyzer]: 0 unknownDoubletons
[2017-01-06 10:27:50,732 INFO  L122          IndexAnalyzer]: 0 ignoredDoubletons
[2017-01-06 10:27:50,734 INFO  L119          IndexAnalyzer]: 0 equalDoubletons
[2017-01-06 10:27:50,734 INFO  L120          IndexAnalyzer]: 0 distinctDoubletons
[2017-01-06 10:27:50,735 INFO  L121          IndexAnalyzer]: 0 unknownDoubletons
[2017-01-06 10:27:50,735 INFO  L122          IndexAnalyzer]: 0 ignoredDoubletons
[2017-01-06 10:27:50,736 INFO  L139          MapEliminator]: Using MapEliminator with SimplificationTechnique=SIMPLIFY_DDA XnfConversionTechnique=BOTTOM_UP_WITH_LOCAL_SIMPLIFICATION AddInequalities=false OnlyTrivialImplicationsArrayWrite=true OnlyTrivialImplicationsForModifiedArguments=true OnlyArgumentsInFormula=true
[2017-01-06 10:27:50,737 INFO  L119          IndexAnalyzer]: 0 equalDoubletons
[2017-01-06 10:27:50,738 INFO  L120          IndexAnalyzer]: 0 distinctDoubletons
[2017-01-06 10:27:50,738 INFO  L121          IndexAnalyzer]: 0 unknownDoubletons
[2017-01-06 10:27:50,738 INFO  L122          IndexAnalyzer]: 0 ignoredDoubletons
[2017-01-06 10:27:50,740 INFO  L119          IndexAnalyzer]: 0 equalDoubletons
[2017-01-06 10:27:50,740 INFO  L120          IndexAnalyzer]: 0 distinctDoubletons
[2017-01-06 10:27:50,741 INFO  L121          IndexAnalyzer]: 0 unknownDoubletons
[2017-01-06 10:27:50,741 INFO  L122          IndexAnalyzer]: 0 ignoredDoubletons
[2017-01-06 10:27:50,742 INFO  L139          MapEliminator]: Using MapEliminator with SimplificationTechnique=SIMPLIFY_DDA XnfConversionTechnique=BOTTOM_UP_WITH_LOCAL_SIMPLIFICATION AddInequalities=false OnlyTrivialImplicationsArrayWrite=true OnlyTrivialImplicationsForModifiedArguments=true OnlyArgumentsInFormula=true
[2017-01-06 10:27:50,744 INFO  L119          IndexAnalyzer]: 0 equalDoubletons
[2017-01-06 10:27:50,745 INFO  L120          IndexAnalyzer]: 0 distinctDoubletons
[2017-01-06 10:27:50,745 INFO  L121          IndexAnalyzer]: 0 unknownDoubletons
[2017-01-06 10:27:50,746 INFO  L122          IndexAnalyzer]: 0 ignoredDoubletons
[2017-01-06 10:27:50,747 INFO  L119          IndexAnalyzer]: 0 equalDoubletons
[2017-01-06 10:27:50,748 INFO  L120          IndexAnalyzer]: 0 distinctDoubletons
[2017-01-06 10:27:50,748 INFO  L121          IndexAnalyzer]: 0 unknownDoubletons
[2017-01-06 10:27:50,748 INFO  L122          IndexAnalyzer]: 0 ignoredDoubletons
[2017-01-06 10:27:50,749 INFO  L139          MapEliminator]: Using MapEliminator with SimplificationTechnique=SIMPLIFY_DDA XnfConversionTechnique=BOTTOM_UP_WITH_LOCAL_SIMPLIFICATION AddInequalities=false OnlyTrivialImplicationsArrayWrite=true OnlyTrivialImplicationsForModifiedArguments=true OnlyArgumentsInFormula=true
[2017-01-06 10:27:50,750 INFO  L119          IndexAnalyzer]: 0 equalDoubletons
[2017-01-06 10:27:50,751 INFO  L120          IndexAnalyzer]: 0 distinctDoubletons
[2017-01-06 10:27:50,751 INFO  L121          IndexAnalyzer]: 0 unknownDoubletons
[2017-01-06 10:27:50,751 INFO  L122          IndexAnalyzer]: 0 ignoredDoubletons
[2017-01-06 10:27:50,752 INFO  L119          IndexAnalyzer]: 0 equalDoubletons
[2017-01-06 10:27:50,753 INFO  L120          IndexAnalyzer]: 0 distinctDoubletons
[2017-01-06 10:27:50,753 INFO  L121          IndexAnalyzer]: 0 unknownDoubletons
[2017-01-06 10:27:50,753 INFO  L122          IndexAnalyzer]: 0 ignoredDoubletons
[2017-01-06 10:27:50,754 INFO  L139          MapEliminator]: Using MapEliminator with SimplificationTechnique=SIMPLIFY_DDA XnfConversionTechnique=BOTTOM_UP_WITH_LOCAL_SIMPLIFICATION AddInequalities=false OnlyTrivialImplicationsArrayWrite=true OnlyTrivialImplicationsForModifiedArguments=true OnlyArgumentsInFormula=true
[2017-01-06 10:27:50,755 INFO  L119          IndexAnalyzer]: 0 equalDoubletons
[2017-01-06 10:27:50,755 INFO  L120          IndexAnalyzer]: 0 distinctDoubletons
[2017-01-06 10:27:50,756 INFO  L121          IndexAnalyzer]: 0 unknownDoubletons
[2017-01-06 10:27:50,756 INFO  L122          IndexAnalyzer]: 0 ignoredDoubletons
[2017-01-06 10:27:50,757 INFO  L119          IndexAnalyzer]: 0 equalDoubletons
[2017-01-06 10:27:50,757 INFO  L120          IndexAnalyzer]: 0 distinctDoubletons
[2017-01-06 10:27:50,757 INFO  L121          IndexAnalyzer]: 0 unknownDoubletons
[2017-01-06 10:27:50,758 INFO  L122          IndexAnalyzer]: 0 ignoredDoubletons
[2017-01-06 10:27:50,758 INFO  L139          MapEliminator]: Using MapEliminator with SimplificationTechnique=SIMPLIFY_DDA XnfConversionTechnique=BOTTOM_UP_WITH_LOCAL_SIMPLIFICATION AddInequalities=false OnlyTrivialImplicationsArrayWrite=true OnlyTrivialImplicationsForModifiedArguments=true OnlyArgumentsInFormula=true
[2017-01-06 10:27:50,759 INFO  L119          IndexAnalyzer]: 0 equalDoubletons
[2017-01-06 10:27:50,759 INFO  L120          IndexAnalyzer]: 0 distinctDoubletons
[2017-01-06 10:27:50,759 INFO  L121          IndexAnalyzer]: 0 unknownDoubletons
[2017-01-06 10:27:50,760 INFO  L122          IndexAnalyzer]: 0 ignoredDoubletons
[2017-01-06 10:27:50,761 INFO  L119          IndexAnalyzer]: 0 equalDoubletons
[2017-01-06 10:27:50,761 INFO  L120          IndexAnalyzer]: 0 distinctDoubletons
[2017-01-06 10:27:50,762 INFO  L121          IndexAnalyzer]: 0 unknownDoubletons
[2017-01-06 10:27:50,762 INFO  L122          IndexAnalyzer]: 0 ignoredDoubletons
[2017-01-06 10:27:50,763 INFO  L139          MapEliminator]: Using MapEliminator with SimplificationTechnique=SIMPLIFY_DDA XnfConversionTechnique=BOTTOM_UP_WITH_LOCAL_SIMPLIFICATION AddInequalities=false OnlyTrivialImplicationsArrayWrite=true OnlyTrivialImplicationsForModifiedArguments=true OnlyArgumentsInFormula=true
[2017-01-06 10:27:50,763 INFO  L119          IndexAnalyzer]: 0 equalDoubletons
[2017-01-06 10:27:50,764 INFO  L120          IndexAnalyzer]: 0 distinctDoubletons
[2017-01-06 10:27:50,764 INFO  L121          IndexAnalyzer]: 0 unknownDoubletons
[2017-01-06 10:27:50,764 INFO  L122          IndexAnalyzer]: 0 ignoredDoubletons
[2017-01-06 10:27:50,766 INFO  L119          IndexAnalyzer]: 0 equalDoubletons
[2017-01-06 10:27:50,766 INFO  L120          IndexAnalyzer]: 0 distinctDoubletons
[2017-01-06 10:27:50,766 INFO  L121          IndexAnalyzer]: 0 unknownDoubletons
[2017-01-06 10:27:50,766 INFO  L122          IndexAnalyzer]: 0 ignoredDoubletons
[2017-01-06 10:27:50,767 INFO  L139          MapEliminator]: Using MapEliminator with SimplificationTechnique=SIMPLIFY_DDA XnfConversionTechnique=BOTTOM_UP_WITH_LOCAL_SIMPLIFICATION AddInequalities=false OnlyTrivialImplicationsArrayWrite=true OnlyTrivialImplicationsForModifiedArguments=true OnlyArgumentsInFormula=true
[2017-01-06 10:27:50,768 INFO  L119          IndexAnalyzer]: 0 equalDoubletons
[2017-01-06 10:27:50,768 INFO  L120          IndexAnalyzer]: 0 distinctDoubletons
[2017-01-06 10:27:50,769 INFO  L121          IndexAnalyzer]: 0 unknownDoubletons
[2017-01-06 10:27:50,769 INFO  L122          IndexAnalyzer]: 0 ignoredDoubletons
[2017-01-06 10:27:50,771 INFO  L119          IndexAnalyzer]: 0 equalDoubletons
[2017-01-06 10:27:50,771 INFO  L120          IndexAnalyzer]: 0 distinctDoubletons
[2017-01-06 10:27:50,771 INFO  L121          IndexAnalyzer]: 0 unknownDoubletons
[2017-01-06 10:27:50,772 INFO  L122          IndexAnalyzer]: 0 ignoredDoubletons
[2017-01-06 10:27:50,773 INFO  L139          MapEliminator]: Using MapEliminator with SimplificationTechnique=SIMPLIFY_DDA XnfConversionTechnique=BOTTOM_UP_WITH_LOCAL_SIMPLIFICATION AddInequalities=false OnlyTrivialImplicationsArrayWrite=true OnlyTrivialImplicationsForModifiedArguments=true OnlyArgumentsInFormula=true
[2017-01-06 10:27:50,773 INFO  L119          IndexAnalyzer]: 0 equalDoubletons
[2017-01-06 10:27:50,774 INFO  L120          IndexAnalyzer]: 0 distinctDoubletons
[2017-01-06 10:27:50,774 INFO  L121          IndexAnalyzer]: 0 unknownDoubletons
[2017-01-06 10:27:50,774 INFO  L122          IndexAnalyzer]: 0 ignoredDoubletons
[2017-01-06 10:27:50,775 INFO  L119          IndexAnalyzer]: 0 equalDoubletons
[2017-01-06 10:27:50,775 INFO  L120          IndexAnalyzer]: 0 distinctDoubletons
[2017-01-06 10:27:50,775 INFO  L121          IndexAnalyzer]: 0 unknownDoubletons
[2017-01-06 10:27:50,775 INFO  L122          IndexAnalyzer]: 0 ignoredDoubletons
[2017-01-06 10:27:50,776 INFO  L139          MapEliminator]: Using MapEliminator with SimplificationTechnique=SIMPLIFY_DDA XnfConversionTechnique=BOTTOM_UP_WITH_LOCAL_SIMPLIFICATION AddInequalities=false OnlyTrivialImplicationsArrayWrite=true OnlyTrivialImplicationsForModifiedArguments=true OnlyArgumentsInFormula=true
[2017-01-06 10:27:50,777 INFO  L119          IndexAnalyzer]: 0 equalDoubletons
[2017-01-06 10:27:50,777 INFO  L120          IndexAnalyzer]: 0 distinctDoubletons
[2017-01-06 10:27:50,777 INFO  L121          IndexAnalyzer]: 0 unknownDoubletons
[2017-01-06 10:27:50,777 INFO  L122          IndexAnalyzer]: 0 ignoredDoubletons
[2017-01-06 10:27:50,782 INFO  L119          IndexAnalyzer]: 0 equalDoubletons
[2017-01-06 10:27:50,782 INFO  L120          IndexAnalyzer]: 0 distinctDoubletons
[2017-01-06 10:27:50,782 INFO  L121          IndexAnalyzer]: 0 unknownDoubletons
[2017-01-06 10:27:50,783 INFO  L122          IndexAnalyzer]: 0 ignoredDoubletons
[2017-01-06 10:27:50,790 INFO  L139          MapEliminator]: Using MapEliminator with SimplificationTechnique=SIMPLIFY_DDA XnfConversionTechnique=BOTTOM_UP_WITH_LOCAL_SIMPLIFICATION AddInequalities=false OnlyTrivialImplicationsArrayWrite=true OnlyTrivialImplicationsForModifiedArguments=true OnlyArgumentsInFormula=true
[2017-01-06 10:27:50,791 INFO  L119          IndexAnalyzer]: 0 equalDoubletons
[2017-01-06 10:27:50,791 INFO  L120          IndexAnalyzer]: 0 distinctDoubletons
[2017-01-06 10:27:50,791 INFO  L121          IndexAnalyzer]: 0 unknownDoubletons
[2017-01-06 10:27:50,791 INFO  L122          IndexAnalyzer]: 0 ignoredDoubletons
[2017-01-06 10:27:50,792 INFO  L119          IndexAnalyzer]: 0 equalDoubletons
[2017-01-06 10:27:50,793 INFO  L120          IndexAnalyzer]: 0 distinctDoubletons
[2017-01-06 10:27:50,793 INFO  L121          IndexAnalyzer]: 0 unknownDoubletons
[2017-01-06 10:27:50,793 INFO  L122          IndexAnalyzer]: 0 ignoredDoubletons
[2017-01-06 10:27:50,794 INFO  L139          MapEliminator]: Using MapEliminator with SimplificationTechnique=SIMPLIFY_DDA XnfConversionTechnique=BOTTOM_UP_WITH_LOCAL_SIMPLIFICATION AddInequalities=false OnlyTrivialImplicationsArrayWrite=true OnlyTrivialImplicationsForModifiedArguments=true OnlyArgumentsInFormula=true
[2017-01-06 10:27:50,794 INFO  L119          IndexAnalyzer]: 0 equalDoubletons
[2017-01-06 10:27:50,794 INFO  L120          IndexAnalyzer]: 0 distinctDoubletons
[2017-01-06 10:27:50,795 INFO  L121          IndexAnalyzer]: 0 unknownDoubletons
[2017-01-06 10:27:50,795 INFO  L122          IndexAnalyzer]: 0 ignoredDoubletons
[2017-01-06 10:27:50,796 INFO  L119          IndexAnalyzer]: 0 equalDoubletons
[2017-01-06 10:27:50,796 INFO  L120          IndexAnalyzer]: 0 distinctDoubletons
[2017-01-06 10:27:50,796 INFO  L121          IndexAnalyzer]: 0 unknownDoubletons
[2017-01-06 10:27:50,796 INFO  L122          IndexAnalyzer]: 0 ignoredDoubletons
[2017-01-06 10:27:50,797 INFO  L139          MapEliminator]: Using MapEliminator with SimplificationTechnique=SIMPLIFY_DDA XnfConversionTechnique=BOTTOM_UP_WITH_LOCAL_SIMPLIFICATION AddInequalities=false OnlyTrivialImplicationsArrayWrite=true OnlyTrivialImplicationsForModifiedArguments=true OnlyArgumentsInFormula=true
[2017-01-06 10:27:50,798 INFO  L119          IndexAnalyzer]: 0 equalDoubletons
[2017-01-06 10:27:50,799 INFO  L120          IndexAnalyzer]: 0 distinctDoubletons
[2017-01-06 10:27:50,799 INFO  L121          IndexAnalyzer]: 0 unknownDoubletons
[2017-01-06 10:27:50,799 INFO  L122          IndexAnalyzer]: 0 ignoredDoubletons
[2017-01-06 10:27:50,800 INFO  L119          IndexAnalyzer]: 0 equalDoubletons
[2017-01-06 10:27:50,800 INFO  L120          IndexAnalyzer]: 0 distinctDoubletons
[2017-01-06 10:27:50,800 INFO  L121          IndexAnalyzer]: 0 unknownDoubletons
[2017-01-06 10:27:50,800 INFO  L122          IndexAnalyzer]: 0 ignoredDoubletons
[2017-01-06 10:27:51,137 INFO  L296          LassoAnalysis]: Preprocessing complete.
[2017-01-06 10:27:51,143 INFO  L469          LassoAnalysis]: Using template 'affine'.
[2017-01-06 10:27:51,152 INFO  L122   nArgumentSynthesizer]: Termination Analysis Settings:
Termination analysis: LINEAR_WITH_GUESSES
Number of strict supporting invariants: 0
Number of non-strict supporting invariants: 1
Consider only non-deceasing supporting invariants: true
Simplify termination arguments: true
Simplify supporting invariants: trueOverapproximate stem: false
[2017-01-06 10:27:51,180 INFO  L339   nArgumentSynthesizer]: Template has degree 0.
[2017-01-06 10:27:51,180 INFO  L352   nArgumentSynthesizer]: There is no stem transition; disabling supporting invariant generation.
[2017-01-06 10:27:51,181 INFO  L205   nArgumentSynthesizer]: 1 stem disjuncts
[2017-01-06 10:27:51,181 INFO  L206   nArgumentSynthesizer]: 1 loop disjuncts
[2017-01-06 10:27:51,181 INFO  L207   nArgumentSynthesizer]: 2 template conjuncts.
[2017-01-06 10:27:51,183 INFO  L402   nArgumentSynthesizer]: We have 2 Motzkin's Theorem applications.
[2017-01-06 10:27:51,183 INFO  L403   nArgumentSynthesizer]: A total of 0 supporting invariants were added.
[2017-01-06 10:27:51,186 INFO  L502          LassoAnalysis]: Proving termination failed for this template and these settings.
[2017-01-06 10:27:51,187 INFO  L122   nArgumentSynthesizer]: Termination Analysis Settings:
Termination analysis: LINEAR_WITH_GUESSES
Number of strict supporting invariants: 0
Number of non-strict supporting invariants: 1
Consider only non-deceasing supporting invariants: true
Simplify termination arguments: true
Simplify supporting invariants: trueOverapproximate stem: false
[2017-01-06 10:27:51,188 INFO  L339   nArgumentSynthesizer]: Template has degree 0.
[2017-01-06 10:27:51,188 INFO  L352   nArgumentSynthesizer]: There is no stem transition; disabling supporting invariant generation.
[2017-01-06 10:27:51,188 INFO  L205   nArgumentSynthesizer]: 1 stem disjuncts
[2017-01-06 10:27:51,189 INFO  L206   nArgumentSynthesizer]: 1 loop disjuncts
[2017-01-06 10:27:51,189 INFO  L207   nArgumentSynthesizer]: 2 template conjuncts.
[2017-01-06 10:27:51,190 INFO  L402   nArgumentSynthesizer]: We have 2 Motzkin's Theorem applications.
[2017-01-06 10:27:51,190 INFO  L403   nArgumentSynthesizer]: A total of 0 supporting invariants were added.
[2017-01-06 10:27:51,191 INFO  L502          LassoAnalysis]: Proving termination failed for this template and these settings.
[2017-01-06 10:27:51,192 INFO  L122   nArgumentSynthesizer]: Termination Analysis Settings:
Termination analysis: LINEAR_WITH_GUESSES
Number of strict supporting invariants: 0
Number of non-strict supporting invariants: 1
Consider only non-deceasing supporting invariants: true
Simplify termination arguments: true
Simplify supporting invariants: trueOverapproximate stem: false
[2017-01-06 10:27:51,193 INFO  L339   nArgumentSynthesizer]: Template has degree 0.
[2017-01-06 10:27:51,194 INFO  L352   nArgumentSynthesizer]: There is no stem transition; disabling supporting invariant generation.
[2017-01-06 10:27:51,194 INFO  L205   nArgumentSynthesizer]: 1 stem disjuncts
[2017-01-06 10:27:51,194 INFO  L206   nArgumentSynthesizer]: 1 loop disjuncts
[2017-01-06 10:27:51,194 INFO  L207   nArgumentSynthesizer]: 2 template conjuncts.
[2017-01-06 10:27:51,195 INFO  L402   nArgumentSynthesizer]: We have 2 Motzkin's Theorem applications.
[2017-01-06 10:27:51,195 INFO  L403   nArgumentSynthesizer]: A total of 0 supporting invariants were added.
[2017-01-06 10:27:51,196 INFO  L502          LassoAnalysis]: Proving termination failed for this template and these settings.
[2017-01-06 10:27:51,196 INFO  L122   nArgumentSynthesizer]: Termination Analysis Settings:
Termination analysis: LINEAR_WITH_GUESSES
Number of strict supporting invariants: 0
Number of non-strict supporting invariants: 1
Consider only non-deceasing supporting invariants: true
Simplify termination arguments: true
Simplify supporting invariants: trueOverapproximate stem: false
[2017-01-06 10:27:51,196 INFO  L339   nArgumentSynthesizer]: Template has degree 0.
[2017-01-06 10:27:51,197 INFO  L352   nArgumentSynthesizer]: There is no stem transition; disabling supporting invariant generation.
[2017-01-06 10:27:51,197 INFO  L205   nArgumentSynthesizer]: 1 stem disjuncts
[2017-01-06 10:27:51,197 INFO  L206   nArgumentSynthesizer]: 1 loop disjuncts
[2017-01-06 10:27:51,197 INFO  L207   nArgumentSynthesizer]: 2 template conjuncts.
[2017-01-06 10:27:51,198 INFO  L402   nArgumentSynthesizer]: We have 2 Motzkin's Theorem applications.
[2017-01-06 10:27:51,198 INFO  L403   nArgumentSynthesizer]: A total of 0 supporting invariants were added.
[2017-01-06 10:27:51,198 INFO  L502          LassoAnalysis]: Proving termination failed for this template and these settings.
[2017-01-06 10:27:51,199 INFO  L122   nArgumentSynthesizer]: Termination Analysis Settings:
Termination analysis: LINEAR_WITH_GUESSES
Number of strict supporting invariants: 0
Number of non-strict supporting invariants: 1
Consider only non-deceasing supporting invariants: true
Simplify termination arguments: true
Simplify supporting invariants: trueOverapproximate stem: false
[2017-01-06 10:27:51,199 INFO  L339   nArgumentSynthesizer]: Template has degree 0.
[2017-01-06 10:27:51,199 INFO  L352   nArgumentSynthesizer]: There is no stem transition; disabling supporting invariant generation.
[2017-01-06 10:27:51,200 INFO  L205   nArgumentSynthesizer]: 1 stem disjuncts
[2017-01-06 10:27:51,200 INFO  L206   nArgumentSynthesizer]: 1 loop disjuncts
[2017-01-06 10:27:51,200 INFO  L207   nArgumentSynthesizer]: 2 template conjuncts.
[2017-01-06 10:27:51,201 INFO  L402   nArgumentSynthesizer]: We have 2 Motzkin's Theorem applications.
[2017-01-06 10:27:51,201 INFO  L403   nArgumentSynthesizer]: A total of 0 supporting invariants were added.
[2017-01-06 10:27:51,201 INFO  L502          LassoAnalysis]: Proving termination failed for this template and these settings.
[2017-01-06 10:27:51,202 INFO  L122   nArgumentSynthesizer]: Termination Analysis Settings:
Termination analysis: LINEAR_WITH_GUESSES
Number of strict supporting invariants: 0
Number of non-strict supporting invariants: 1
Consider only non-deceasing supporting invariants: true
Simplify termination arguments: true
Simplify supporting invariants: trueOverapproximate stem: false
[2017-01-06 10:27:51,202 INFO  L339   nArgumentSynthesizer]: Template has degree 0.
[2017-01-06 10:27:51,202 INFO  L352   nArgumentSynthesizer]: There is no stem transition; disabling supporting invariant generation.
[2017-01-06 10:27:51,203 INFO  L205   nArgumentSynthesizer]: 1 stem disjuncts
[2017-01-06 10:27:51,203 INFO  L206   nArgumentSynthesizer]: 1 loop disjuncts
[2017-01-06 10:27:51,203 INFO  L207   nArgumentSynthesizer]: 2 template conjuncts.
[2017-01-06 10:27:51,203 INFO  L402   nArgumentSynthesizer]: We have 2 Motzkin's Theorem applications.
[2017-01-06 10:27:51,203 INFO  L403   nArgumentSynthesizer]: A total of 0 supporting invariants were added.
[2017-01-06 10:27:51,204 INFO  L502          LassoAnalysis]: Proving termination failed for this template and these settings.
[2017-01-06 10:27:51,204 INFO  L122   nArgumentSynthesizer]: Termination Analysis Settings:
Termination analysis: LINEAR_WITH_GUESSES
Number of strict supporting invariants: 0
Number of non-strict supporting invariants: 1
Consider only non-deceasing supporting invariants: true
Simplify termination arguments: true
Simplify supporting invariants: trueOverapproximate stem: false
[2017-01-06 10:27:51,205 INFO  L339   nArgumentSynthesizer]: Template has degree 0.
[2017-01-06 10:27:51,205 INFO  L205   nArgumentSynthesizer]: 1 stem disjuncts
[2017-01-06 10:27:51,206 INFO  L206   nArgumentSynthesizer]: 1 loop disjuncts
[2017-01-06 10:27:51,206 INFO  L207   nArgumentSynthesizer]: 2 template conjuncts.
[2017-01-06 10:27:51,208 INFO  L402   nArgumentSynthesizer]: We have 6 Motzkin's Theorem applications.
[2017-01-06 10:27:51,208 INFO  L403   nArgumentSynthesizer]: A total of 2 supporting invariants were added.
[2017-01-06 10:27:51,221 INFO  L502          LassoAnalysis]: Proving termination failed for this template and these settings.
[2017-01-06 10:27:51,222 INFO  L122   nArgumentSynthesizer]: Termination Analysis Settings:
Termination analysis: LINEAR_WITH_GUESSES
Number of strict supporting invariants: 0
Number of non-strict supporting invariants: 1
Consider only non-deceasing supporting invariants: true
Simplify termination arguments: true
Simplify supporting invariants: trueOverapproximate stem: false
[2017-01-06 10:27:51,223 INFO  L339   nArgumentSynthesizer]: Template has degree 0.
[2017-01-06 10:27:51,224 INFO  L352   nArgumentSynthesizer]: There is no stem transition; disabling supporting invariant generation.
[2017-01-06 10:27:51,224 INFO  L205   nArgumentSynthesizer]: 1 stem disjuncts
[2017-01-06 10:27:51,225 INFO  L206   nArgumentSynthesizer]: 1 loop disjuncts
[2017-01-06 10:27:51,225 INFO  L207   nArgumentSynthesizer]: 2 template conjuncts.
[2017-01-06 10:27:51,226 INFO  L402   nArgumentSynthesizer]: We have 2 Motzkin's Theorem applications.
[2017-01-06 10:27:51,226 INFO  L403   nArgumentSynthesizer]: A total of 0 supporting invariants were added.
[2017-01-06 10:27:51,231 INFO  L502          LassoAnalysis]: Proving termination failed for this template and these settings.
[2017-01-06 10:27:51,232 INFO  L122   nArgumentSynthesizer]: Termination Analysis Settings:
Termination analysis: LINEAR_WITH_GUESSES
Number of strict supporting invariants: 0
Number of non-strict supporting invariants: 1
Consider only non-deceasing supporting invariants: true
Simplify termination arguments: true
Simplify supporting invariants: trueOverapproximate stem: false
[2017-01-06 10:27:51,233 INFO  L339   nArgumentSynthesizer]: Template has degree 0.
[2017-01-06 10:27:51,234 INFO  L205   nArgumentSynthesizer]: 1 stem disjuncts
[2017-01-06 10:27:51,234 INFO  L206   nArgumentSynthesizer]: 1 loop disjuncts
[2017-01-06 10:27:51,234 INFO  L207   nArgumentSynthesizer]: 2 template conjuncts.
[2017-01-06 10:27:51,243 INFO  L402   nArgumentSynthesizer]: We have 6 Motzkin's Theorem applications.
[2017-01-06 10:27:51,243 INFO  L403   nArgumentSynthesizer]: A total of 2 supporting invariants were added.
[2017-01-06 10:27:51,312 INFO  L421   nArgumentSynthesizer]: Found a termination argument, trying to simplify.
[2017-01-06 10:27:51,350 INFO  L444   ModelExtractionUtils]: Simplification made 3 calls to the SMT solver.
[2017-01-06 10:27:51,351 INFO  L445   ModelExtractionUtils]: 30 out of 34 variables were initially zero. Simplification set additionally 1 variables to zero.
[2017-01-06 10:27:51,353 INFO  L437   nArgumentSynthesizer]: Simplifying supporting invariants...
[2017-01-06 10:27:51,355 INFO  L440   nArgumentSynthesizer]: Removed 2 redundant supporting invariants from a total of 2.
[2017-01-06 10:27:51,356 INFO  L490          LassoAnalysis]: Proved termination.
[2017-01-06 10:27:51,356 INFO  L492          LassoAnalysis]: Termination argument consisting of:
Ranking function f(v_rep(select #length ULTIMATE.start_#Ultimate.alloc_#res.base)_1, ULTIMATE.start_atoi_~s.offset) = 1*v_rep(select #length ULTIMATE.start_#Ultimate.alloc_#res.base)_1 - 1*ULTIMATE.start_atoi_~s.offset
Supporting invariants []
[2017-01-06 10:27:51,364 INFO  L301   tatePredicateManager]: 3 out of 4 supporting invariants were superfluous and have been removed
[2017-01-06 10:27:51,369 WARN  L341   cessorBacktranslator]: Unfinished Backtranslation: Type[int]int of VarList #length : [int]int not handled
[2017-01-06 10:27:51,369 WARN  L341   cessorBacktranslator]: Unfinished backtranslation: Name guessing unsuccessful for VarDecl var #length : [int]int; and expression #length
[2017-01-06 10:27:51,414 INFO  L144    AnnotateAndAsserter]: Conjunction of SSA is unsat
[2017-01-06 10:27:51,419 INFO  L269       TraceCheckerSpWp]: Computing forward predicates...
[2017-01-06 10:27:51,449 INFO  L144    AnnotateAndAsserter]: Conjunction of SSA is unsat
[2017-01-06 10:27:51,450 INFO  L269       TraceCheckerSpWp]: Computing forward predicates...
[2017-01-06 10:27:51,464 INFO  L133       CoverageAnalysis]: Checked inductivity of 0 backedges. 0 proven. 0 refuted. 0 times theorem prover too weak.0 trivial.0 not checked.
[2017-01-06 10:27:51,477 INFO  L153   lantAutomatonBouncer]: Defining deterministic Buchi interpolant automaton with honda bouncer for stem and without honda bouncer for loop.2 stem predicates 2 loop predicates 
[2017-01-06 10:27:51,479 INFO  L67     BuchiDifferenceNCSB]: Start BuchiDifferenceNCBS. First operand 29 states. Second operand 5 states.
[2017-01-06 10:27:51,540 INFO  L71     BuchiDifferenceNCSB]: Finished BuchiDifferenceNCBS. First operand 29 states.. Second operand 5 states. Result 84 states and 105 transitions. Complement of second has 8 states.
[2017-01-06 10:27:51,541 INFO  L143   InterpolantAutomaton]: Switched to read-only mode: Buchi interpolant automaton has 6 states 2 stem states 2 non-accepting loop states 1 accepting loop states 
[2017-01-06 10:27:51,542 INFO  L77       RemoveUnreachable]: Start RemoveUnreachable. Operand 5 states.
[2017-01-06 10:27:51,544 INFO  L83       RemoveUnreachable]: Finished RemoveUnreachable Result 6 states and 71 transitions.
[2017-01-06 10:27:51,546 INFO  L86            BuchiAccepts]: Start BuchiAccepts Operand 6 states and 71 transitions. Stem has 5 letters. Loop has 3 letters.
[2017-01-06 10:27:51,547 INFO  L118           BuchiAccepts]: Finished BuchiAccepts.
[2017-01-06 10:27:51,547 INFO  L86            BuchiAccepts]: Start BuchiAccepts Operand 6 states and 71 transitions. Stem has 8 letters. Loop has 3 letters.
[2017-01-06 10:27:51,547 INFO  L118           BuchiAccepts]: Finished BuchiAccepts.
[2017-01-06 10:27:51,547 INFO  L86            BuchiAccepts]: Start BuchiAccepts Operand 6 states and 71 transitions. Stem has 5 letters. Loop has 6 letters.
[2017-01-06 10:27:51,547 INFO  L118           BuchiAccepts]: Finished BuchiAccepts.
[2017-01-06 10:27:51,548 INFO  L89     RemoveNonLiveStates]: Start RemoveNonLiveStates. Operand 84 states and 105 transitions.
[2017-01-06 10:27:51,552 INFO  L98          SccComputation]: Graph consists of 3 InCaSumBalls and 63 non ball SCCs. Number of states in SCCs 84.
[2017-01-06 10:27:51,553 INFO  L132   ngComponentsAnalysis]: Automaton has 0 accepting balls. 0
[2017-01-06 10:27:51,555 INFO  L99     RemoveNonLiveStates]: Finished RemoveNonLiveStates Reduced from 84 states and 105 transitions. to 0 states and 0 transitions.
[2017-01-06 10:27:51,556 INFO  L86         BuchiClosureNwa]: Accepting states before buchiClosure: 0
[2017-01-06 10:27:51,556 INFO  L105        BuchiClosureNwa]: Accepting states after buchiClosure: 0
[2017-01-06 10:27:51,557 INFO  L74         IsDeterministic]: Start IsDeterministic. Operand 0 states and 0 transitions.
[2017-01-06 10:27:51,557 INFO  L81         IsDeterministic]: Finished IsDeterministic. Operand is not deterministic.
[2017-01-06 10:27:51,557 INFO  L575         BuchiCegarLoop]: Abstraction has 0 states and 0 transitions.
[2017-01-06 10:27:51,557 INFO  L598         BuchiCegarLoop]: Abstraction has 0 states and 0 transitions.
[2017-01-06 10:27:51,557 INFO  L500         BuchiCegarLoop]: Abstraction has 0 states and 0 transitions.
[2017-01-06 10:27:51,557 INFO  L355         BuchiCegarLoop]: ======== Iteration 2============
[2017-01-06 10:27:51,557 INFO  L72            BuchiIsEmpty]: Start BuchiIsEmpty. Operand 0 states and 0 transitions.
[2017-01-06 10:27:51,557 INFO  L98          SccComputation]: Graph consists of 0 InCaSumBalls and 0 non ball SCCs. Number of states in SCCs 0.
[2017-01-06 10:27:51,557 INFO  L132   ngComponentsAnalysis]: Automaton has 0 accepting balls. 0
[2017-01-06 10:27:51,557 INFO  L87            BuchiIsEmpty]: Finished BuchiIsEmpty Result is true
[2017-01-06 10:27:51,562 INFO  L202        PluginConnector]: Adding new model de.uni_freiburg.informatik.ultimate.plugins.generator.buchiautomizer CFG 06.01 10:27:51 BoogieIcfgContainer
[2017-01-06 10:27:51,562 INFO  L132        PluginConnector]: ------------------------ END BuchiAutomizer----------------------------
[2017-01-06 10:27:51,563 INFO  L168              Benchmark]: Toolchain (without parser) took 2021.19 ms. Allocated memory is still 1.0 GB. Free memory was 979.7 MB in the beginning and 752.7 MB in the end (delta: 227.0 MB). Peak memory consumption was 227.0 MB. Max. memory is 11.5 GB.
[2017-01-06 10:27:51,564 INFO  L168              Benchmark]: CDTParser took 152.97 ms. Allocated memory is still 1.0 GB. Free memory was 985.1 MB in the beginning and 979.7 MB in the end (delta: 5.4 MB). Peak memory consumption was 5.4 MB. Max. memory is 11.5 GB.
[2017-01-06 10:27:51,565 INFO  L168              Benchmark]: CACSL2BoogieTranslator took 146.10 ms. Allocated memory is still 1.0 GB. Free memory was 979.7 MB in the beginning and 974.3 MB in the end (delta: 5.4 MB). Peak memory consumption was 5.4 MB. Max. memory is 11.5 GB.
[2017-01-06 10:27:51,566 INFO  L168              Benchmark]: Boogie Procedure Inliner took 34.29 ms. Allocated memory is still 1.0 GB. Free memory is still 974.3 MB. There was no memory consumed. Max. memory is 11.5 GB.
[2017-01-06 10:27:51,566 INFO  L168              Benchmark]: Boogie Preprocessor took 17.13 ms. Allocated memory is still 1.0 GB. Free memory is still 974.3 MB. There was no memory consumed. Max. memory is 11.5 GB.
[2017-01-06 10:27:51,567 INFO  L168              Benchmark]: RCFGBuilder took 189.21 ms. Allocated memory is still 1.0 GB. Free memory was 974.3 MB in the beginning and 947.5 MB in the end (delta: 26.9 MB). Peak memory consumption was 26.9 MB. Max. memory is 11.5 GB.
[2017-01-06 10:27:51,567 INFO  L168              Benchmark]: BuchiAutomizer took 1631.47 ms. Allocated memory is still 1.0 GB. Free memory was 947.5 MB in the beginning and 752.7 MB in the end (delta: 194.8 MB). Peak memory consumption was 194.8 MB. Max. memory is 11.5 GB.
[2017-01-06 10:27:51,571 INFO  L303   ainManager$Toolchain]: #######################  End [Toolchain 1] #######################
 --- Results ---
 * Results from de.uni_freiburg.informatik.ultimate.boogie.preprocessor:
  - GenericResult: Unfinished Backtranslation
    Unfinished Backtranslation: Type[int]int of VarList #length : [int]int not handled
  - GenericResult: Unfinished Backtranslation
    Unfinished backtranslation: Name guessing unsuccessful for VarDecl var #length : [int]int; and expression #length
 * Results from de.uni_freiburg.informatik.ultimate.plugins.generator.buchiautomizer:
  - BenchmarkResult: Constructed decomposition of program
    Your program was decomposed into 1 terminating modules (0 trivial, 1 deterministic, 0 nondeterministic). One deterministic module has affine ranking function #length[#res] + -1 * s + 0 and consists of 6 locations. 
  - BenchmarkResult: Timing statistics
    BüchiAutomizer plugin needed 1.5s and 2 iterations. Analysis of lassos took 1.3s. Construction of modules took 0.0s. Büchi inclusion checks took 0.1s. Highest rank in rank-based complementation 3. Minimization of det autom 0. Minimization of nondet autom 1. Automata minimization No data available. Non-live state removal took 0.0s Buchi closure took 0.0s. Biggest automaton had 0 states and ocurred in iteration 1.	Nontrivial modules had stage [1, 0, 0, 0, 0].	InterpolantCoveringCapabilityFinite: 0/0	InterpolantCoveringCapabilityBuchi: 0/0	HoareTripleCheckerStatistics: 29 SDtfs, 34 SDslu, 30 SDs, 0 SdLazy, 18 SolverSat, 10 SolverUnsat, 0 SolverUnknown, 0 SolverNotchecked, 0.0s Time	LassoAnalysisResults: nont0 unkn0 SFLI0 SFLT0 conc0 concLT0 SILN0 SILU0 SILI0 SILT0 lasso1 LassoPreprocessingBenchmarks:   Lassos: inital125 mio100 ax100 hnf98 lsp90 ukn110 mio100 lsp41 div100 bol100 ite100 ukn100 eq198 hnf88 smp100 dnf100 smp100 tf100 neg100 sie100 LassoTerminationAnalysisBenchmarks: ConstraintsSatisfiability: unsat Degree: 0 Time: 16ms VariablesStem: 2 VariablesLoop: 0 DisjunctsStem: 1 DisjunctsLoop: 1 SupportingInvariants: 2 MotzkinApplications: 6 LassoTerminationAnalysisBenchmarks: LassoNonterminationAnalysisSat: 0	LassoNonterminationAnalysisUnsat: 0	LassoNonterminationAnalysisUnknown: 0	LassoNonterminationAnalysisTime: 0.0s	
  - TerminationAnalysisResult: Termination proven
    Buchi Automizer proved that your program is terminating
 * Results from UltimateCore:
  - BenchmarkResult: Toolchain Benchmarks
    Benchmark results are:
 * CDTParser took 152.97 ms. Allocated memory is still 1.0 GB. Free memory was 985.1 MB in the beginning and 979.7 MB in the end (delta: 5.4 MB). Peak memory consumption was 5.4 MB. Max. memory is 11.5 GB.
 * CACSL2BoogieTranslator took 146.10 ms. Allocated memory is still 1.0 GB. Free memory was 979.7 MB in the beginning and 974.3 MB in the end (delta: 5.4 MB). Peak memory consumption was 5.4 MB. Max. memory is 11.5 GB.
 * Boogie Procedure Inliner took 34.29 ms. Allocated memory is still 1.0 GB. Free memory is still 974.3 MB. There was no memory consumed. Max. memory is 11.5 GB.
 * Boogie Preprocessor took 17.13 ms. Allocated memory is still 1.0 GB. Free memory is still 974.3 MB. There was no memory consumed. Max. memory is 11.5 GB.
 * RCFGBuilder took 189.21 ms. Allocated memory is still 1.0 GB. Free memory was 974.3 MB in the beginning and 947.5 MB in the end (delta: 26.9 MB). Peak memory consumption was 26.9 MB. Max. memory is 11.5 GB.
 * BuchiAutomizer took 1631.47 ms. Allocated memory is still 1.0 GB. Free memory was 947.5 MB in the beginning and 752.7 MB in the end (delta: 194.8 MB). Peak memory consumption was 194.8 MB. Max. memory is 11.5 GB.
RESULT: Ultimate could not prove your program: Toolchain returned no result.
[2017-01-06 10:27:51,579 INFO  L95        ToolchainStorage]: Clearing 10 storables from ToolchainStorage
[2017-01-06 10:27:51,581 INFO  L166           UltimateCore]: Preparing to exit Ultimate with return code 0
[2017-01-06 10:27:51,581 INFO  L95        ToolchainStorage]: Clearing 1 storables from ToolchainStorage
Received shutdown request...
